<?xml version="1.0" encoding="UTF-8"?>
<!-- Generated by org.testng.reporters.JUnitXMLReporter -->
<testsuite hostname="Admin-PC" ignored="0" name="Test maven testing" tests="4" failures="0" timestamp="2021-06-13T23:25:25 IST" time="0.125" errors="0">
  <testcase name="sub" time="0.0" classname="com.qa.tests.DemoTest"/>
  <testcase name="sum" time="0.0" classname="com.qa.tests.DemoTest"/>
  <testcase name="div" time="0.0" classname="com.qa.tests.DemoTest1"/>
  <testcase name="mul" time="0.0" classname="com.qa.tests.DemoTest1"/>
</testsuite> <!-- Test maven testing -->
