<?xml version="1.0" encoding="UTF-8"?>
<testng-results skipped="0" failed="0" ignored="0" total="4" passed="4">
  <reporter-output>
  </reporter-output>
  <suite name="Test Maven Suite" duration-ms="125" started-at="2021-06-13T23:25:25 IST" finished-at="2021-06-13T23:25:25 IST">
    <groups>
    </groups>
    <test name="Test maven testing" duration-ms="125" started-at="2021-06-13T23:25:25 IST" finished-at="2021-06-13T23:25:25 IST">
      <class name="com.qa.tests.DemoTest">
        <test-method status="PASS" signature="sub()[pri:0, instance:com.qa.tests.DemoTest@553f17c]" name="sub" duration-ms="0" started-at="2021-06-13T23:25:25 IST" finished-at="2021-06-13T23:25:25 IST">
          <reporter-output>
          </reporter-output>
        </test-method> <!-- sub -->
        <test-method status="PASS" signature="sum()[pri:0, instance:com.qa.tests.DemoTest@553f17c]" name="sum" duration-ms="0" started-at="2021-06-13T23:25:25 IST" finished-at="2021-06-13T23:25:25 IST">
          <reporter-output>
          </reporter-output>
        </test-method> <!-- sum -->
      </class> <!-- com.qa.tests.DemoTest -->
      <class name="com.qa.tests.DemoTest1">
        <test-method status="PASS" signature="div()[pri:0, instance:com.qa.tests.DemoTest1@4f7d0008]" name="div" duration-ms="0" started-at="2021-06-13T23:25:25 IST" finished-at="2021-06-13T23:25:25 IST">
          <reporter-output>
          </reporter-output>
        </test-method> <!-- div -->
        <test-method status="PASS" signature="mul()[pri:0, instance:com.qa.tests.DemoTest1@4f7d0008]" name="mul" duration-ms="0" started-at="2021-06-13T23:25:25 IST" finished-at="2021-06-13T23:25:25 IST">
          <reporter-output>
          </reporter-output>
        </test-method> <!-- mul -->
      </class> <!-- com.qa.tests.DemoTest1 -->
    </test> <!-- Test maven testing -->
  </suite> <!-- Test Maven Suite -->
</testng-results>
