<?xml version="1.0" encoding="UTF-8"?>
<testng-results skipped="0" failed="0" ignored="0" total="2" passed="2">
  <reporter-output>
  </reporter-output>
  <suite name="Default suite" duration-ms="101" started-at="2021-06-13T16:22:12 IST" finished-at="2021-06-13T16:22:12 IST">
    <groups>
    </groups>
    <test name="Default test" duration-ms="101" started-at="2021-06-13T16:22:12 IST" finished-at="2021-06-13T16:22:12 IST">
      <class name="com.qa.tests.DemoTest">
        <test-method status="PASS" signature="sub()[pri:0, instance:com.qa.tests.DemoTest@57855c9a]" name="sub" duration-ms="21" started-at="2021-06-13T16:22:12 IST" finished-at="2021-06-13T16:22:12 IST">
          <reporter-output>
          </reporter-output>
        </test-method> <!-- sub -->
        <test-method status="PASS" signature="sum()[pri:0, instance:com.qa.tests.DemoTest@57855c9a]" name="sum" duration-ms="2" started-at="2021-06-13T16:22:12 IST" finished-at="2021-06-13T16:22:12 IST">
          <reporter-output>
          </reporter-output>
        </test-method> <!-- sum -->
      </class> <!-- com.qa.tests.DemoTest -->
    </test> <!-- Default test -->
  </suite> <!-- Default suite -->
</testng-results>
